[20:03:19 02:03:43] input=default | fetching weather info for location = 2391585
[20:03:19 02:04:30] input=default | fetching weather info for location = 2391585
[20:03:19 02:04:37] input=default | fetching weather info for location = 2391585
[20:03:19 02:04:44] input=default | fetching weather info for location = 2391585
[20:03:19 02:05:07] search input = harshil | fetching weather info for location = 2391585
[20:03:19 02:05:16] search input = corona | fetching weather info for location = 2391585
[20:03:19 02:05:59] search input = corona | fetching weather info for location = 2391585
[20:03:19 02:07:25] search input = corona | fetching weather info for location = 2391585
[20:03:19 02:07:41] search input = corona | fetching weather info for location = 2391585
[20:03:19 02:10:56] search input = corona | fetching weather info for location = 2391585
[20:03:19 02:12:04] search input = corona | fetching weather info for location = 2211177
[20:03:19 02:12:16] search input = corona | fetching weather info for location = 2391585
[20:03:19 02:14:59] search input = corona | fetching weather info for location = 2391585
[20:03:19 02:15:09] search input = corona | fetching weather info for location = 2391585
[20:03:19 02:15:31] search input = corona | fetching weather info for location = 2391585
[20:03:19 02:15:50] search input = corona | fetching weather info for location = 2391585
[20:03:19 02:16:04] search input = corona | fetching weather info for location = 2391585
[20:03:19 02:16:17] search input = corona | fetching weather info for location = 2391585
[20:03:19 02:16:40] search input = corona | fetching weather info for location = 2391585
[20:03:19 02:16:57] search input = corona | fetching weather info for location = 2391585
[20:03:19 02:19:30] search input = corona | fetching weather info for location = 2391585
[20:03:19 02:20:07] search input = corona | fetching weather info for location = 2391585
[20:03:19 02:22:32] search input = corona | fetching weather info for location = 2391585
[20:03:19 02:22:57] search input = corona | fetching weather info for location = 2391585
[20:03:19 02:23:25] search input = corona | fetching weather info for location = 2391585
[20:03:19 02:23:56] search input = corona | fetching weather info for location = 2391585
[20:03:19 02:24:43] search input = corona | fetching weather info for location = 2391585
[20:03:19 02:25:00] search input = corona | fetching weather info for location = 2391585
[20:03:19 02:26:21] search input = corona | fetching weather info for location = 2391585
[20:03:19 02:28:18] search input = corona | fetching weather info for location = 2391585
[20:03:19 02:28:41] search input = corona | fetching weather info for location = 2391585
[20:03:19 02:28:56] search input = corona | fetching weather info for location = 2391585
[20:03:19 02:29:18] search input = corona | fetching weather info for location = 2391585
[20:03:19 02:30:03] search input = corona | fetching weather info for location = 2391585
[20:03:19 02:30:10] search input = corona | fetching weather info for location = 2391585
[20:03:19 02:30:23] search input = corona | fetching weather info for location = 2391585
[20:03:19 02:30:29] search input = corona | fetching weather info for location = 2391585
[20:03:19 02:31:06] search input = corona | fetching weather info for location = 2391585
[20:03:19 02:31:12] search input = corona | fetching weather info for location = 2391585
[20:03:19 02:31:30] search input = corona | fetching weather info for location = 2391585
[20:03:19 02:31:42] search input = corona | fetching weather info for location = 2391585
[20:03:19 02:31:51] search input = corona | fetching weather info for location = 2391585
[20:03:19 02:32:01] search input = corona | fetching weather info for location = 2391585
[20:03:19 02:32:23] search input = corona | fetching weather info for location = 2391585
[20:03:19 02:32:28] search input =  | fetching weather info for location = 2391585
[20:03:19 02:33:01] search input =  | fetching weather info for location = 2391585
[20:03:19 02:34:01] search input =  | fetching weather info for location = 2391585
[20:03:19 02:34:17] search input = satyapal | fetching weather info for location = 2391585
[20:03:19 02:34:50] search input = satyapal | fetching weather info for location = 2391585
[20:03:19 02:36:18] search input =  | fetching weather info for location = 2391585
[20:03:19 02:36:32] search input =  | fetching weather info for location = 2391585
[20:03:19 02:36:43] search input =  | fetching weather info for location = 2391585
[20:03:19 02:36:50] search input =  | fetching weather info for location = 2391585
[20:03:19 02:37:56] search input =  | fetching weather info for location = 2391585
[20:03:19 02:38:23] search input =  | fetching weather info for location = 2391585
[20:03:19 02:39:11] search input =  | fetching weather info for location = 2391585
[20:03:19 02:39:22] search input =  | fetching weather info for location = 2391585
[20:03:19 02:39:27] search input =  | fetching weather info for location = 2391585
[20:03:19 02:39:51] search input =  | fetching weather info for location = 2391585
[20:03:19 02:40:02] search input =  | fetching weather info for location = 2391585
[20:03:19 02:40:11] search input =  | fetching weather info for location = 2391585
[20:03:19 02:41:01] search input =  | fetching weather info for location = 2391585
[20:03:19 02:41:28] search input =  | fetching weather info for location = 2391585
[20:03:19 02:41:42] search input =  | fetching weather info for location = 2391585
[20:03:19 02:41:48] search input =  | fetching weather info for location = 2391585
[20:03:19 02:41:56] search input =  | fetching weather info for location = 2391585
[20:03:19 02:42:03] search input =  | fetching weather info for location = 2391585
[20:03:19 02:42:45] search input = anim | fetching weather info for location = 2391585
[20:03:19 02:43:50] search input = anim | fetching weather info for location = 2391585
[20:03:19 02:44:45] search input = anim | fetching weather info for location = 2391585
[20:03:19 02:44:51] search input = anim | fetching weather info for location = 2391585
[20:03:19 02:44:55] input=default | fetching weather info for location = 2391585
[20:03:19 02:44:58] input=default | fetching weather info for location = 2391585
[20:03:19 02:45:24] input=default | fetching weather info for location = 2391585
[20:03:19 02:45:35] input=default | fetching weather info for location = 2391585
[20:03:19 02:46:19] input=default | fetching weather info for location = 2391585
[20:03:19 02:46:26] input=default | fetching weather info for location = 2391585
[20:03:19 02:46:58] input=default | fetching weather info for location = 2391585
[20:03:19 02:47:11] input=default | fetching weather info for location = 2391585
[20:03:19 02:47:26] input=default | fetching weather info for location = 2391585
[20:03:19 02:47:57] input=default | fetching weather info for location = 2391585
[20:03:19 02:48:05] input=default | fetching weather info for location = 2391585
[20:03:19 02:48:27] input=default | fetching weather info for location = 2391585
[20:03:19 02:48:43] input=default | fetching weather info for location = 2391585
